2017-01-26 13:28:09 INFO  Hibernate_01:21 - Log su file : 
2017-01-26 13:28:40 INFO  Hibernate_01:21 - Log su file : 
2017-01-26 13:29:59 INFO  Hibernate_01:21 - Log su file : 
2017-01-26 13:35:23 INFO  Hibernate_01:21 - Log su file : 
2017-01-26 13:35:42 INFO  Hibernate_01:21 - Log su file : 
2017-01-26 13:36:03 INFO  Hibernate_01:21 - Log su file : 
2017-01-26 13:36:04 INFO  Hibernate_01:21 - Log su file : 
2017-01-26 13:36:57 INFO  Hibernate_01:21 - Log su file : 
2017-01-26 13:37:18 INFO  Hibernate_01:21 - Log su file : 
2017-01-26 13:39:45 INFO  Hibernate_01:21 - Log su file : 
2017-01-26 13:39:56 INFO  Hibernate_01:21 - Log su file : 
2017-01-26 13:40:16 INFO  Hibernate_01:21 - Log su file : 
2017-01-26 13:40:58 INFO  Hibernate_01:21 - Log su file : 
2017-01-26 13:41:28 INFO  Hibernate_01:21 - Log su file : 
2017-01-26 13:41:28 DEBUG logging:28 - Logging Provider: org.jboss.logging.Log4jLoggerProvider
2017-01-26 13:41:28 DEBUG IntegratorServiceImpl:46 - Adding Integrator [org.hibernate.cfg.beanvalidation.BeanValidationIntegrator].
2017-01-26 13:41:28 DEBUG IntegratorServiceImpl:46 - Adding Integrator [org.hibernate.secure.spi.JaccIntegrator].
2017-01-26 13:41:28 DEBUG IntegratorServiceImpl:46 - Adding Integrator [org.hibernate.cache.internal.CollectionCacheInvalidator].
2017-01-26 13:41:28 INFO  Version:45 - HHH000412: Hibernate Core {5.2.6.Final}
2017-01-26 13:41:28 INFO  Environment:213 - HHH000206: hibernate.properties not found
2017-01-26 13:41:28 DEBUG LocalXmlResourceResolver:57 - Interpreting public/system identifier : [-//Hibernate/Hibernate Configuration DTD 3.0//EN] - [http://hibernate.sourceforge.net/hibernate-configuration-3.0.dtd]
2017-01-26 13:41:28 WARN  deprecation:91 - HHH90000012: Recognized obsolete hibernate namespace http://hibernate.sourceforge.net/hibernate-configuration. Use namespace http://www.hibernate.org/dtd/hibernate-configuration instead.  Support for obsolete DTD/XSD namespaces may be removed at any time.
2017-01-26 13:41:28 DEBUG LocalXmlResourceResolver:95 - Recognized hibernate-configuration identifier; attempting to resolve on classpath under org/hibernate/
2017-01-26 13:41:28 DEBUG JaxbCfgProcessor:116 - cfg.xml document did not define namespaces; wrapping in custom event reader to introduce namespace information
2017-01-26 13:41:28 DEBUG Configuration:724 - Building session factory using internal StandardServiceRegistryBuilder
2017-01-26 13:41:28 DEBUG ServiceBinding:68 - Overriding existing service binding [org.hibernate.secure.spi.JaccService]
2017-01-26 13:41:28 DEBUG Configuration:652 - Building session factory using provided StandardServiceRegistry
2017-01-26 13:41:28 DEBUG RegionFactoryInitiator:75 - Cache region factory : org.hibernate.cache.internal.NoCachingRegionFactory
2017-01-26 13:41:28 INFO  Version:66 - HCANN000001: Hibernate Commons Annotations {5.0.1.Final}
2017-01-26 13:41:28 DEBUG MappingBinder:58 - Performing JAXB binding of hbm.xml document : Origin(name=/resources/Persona.hbm.xml,type=RESOURCE)
2017-01-26 13:41:29 DEBUG BasicTypeRegistry:145 - Adding type registration boolean -> org.hibernate.type.BooleanType@3b6ddd1d
2017-01-26 13:41:29 DEBUG BasicTypeRegistry:145 - Adding type registration boolean -> org.hibernate.type.BooleanType@3b6ddd1d
2017-01-26 13:41:29 DEBUG BasicTypeRegistry:145 - Adding type registration java.lang.Boolean -> org.hibernate.type.BooleanType@3b6ddd1d
2017-01-26 13:41:29 DEBUG BasicTypeRegistry:145 - Adding type registration numeric_boolean -> org.hibernate.type.NumericBooleanType@2f217633
2017-01-26 13:41:29 DEBUG BasicTypeRegistry:145 - Adding type registration true_false -> org.hibernate.type.TrueFalseType@4738a206
2017-01-26 13:41:29 DEBUG BasicTypeRegistry:145 - Adding type registration yes_no -> org.hibernate.type.YesNoType@1af2d44a
2017-01-26 13:41:29 DEBUG BasicTypeRegistry:145 - Adding type registration byte -> org.hibernate.type.ByteType@5d7148e2
2017-01-26 13:41:29 DEBUG BasicTypeRegistry:145 - Adding type registration byte -> org.hibernate.type.ByteType@5d7148e2
2017-01-26 13:41:29 DEBUG BasicTypeRegistry:145 - Adding type registration java.lang.Byte -> org.hibernate.type.ByteType@5d7148e2
2017-01-26 13:41:29 DEBUG BasicTypeRegistry:145 - Adding type registration character -> org.hibernate.type.CharacterType@21e360a
2017-01-26 13:41:29 DEBUG BasicTypeRegistry:145 - Adding type registration char -> org.hibernate.type.CharacterType@21e360a
2017-01-26 13:41:29 DEBUG BasicTypeRegistry:145 - Adding type registration java.lang.Character -> org.hibernate.type.CharacterType@21e360a
2017-01-26 13:41:29 DEBUG BasicTypeRegistry:145 - Adding type registration short -> org.hibernate.type.ShortType@6fd83fc1
2017-01-26 13:41:29 DEBUG BasicTypeRegistry:145 - Adding type registration short -> org.hibernate.type.ShortType@6fd83fc1
2017-01-26 13:41:29 DEBUG BasicTypeRegistry:145 - Adding type registration java.lang.Short -> org.hibernate.type.ShortType@6fd83fc1
2017-01-26 13:41:29 DEBUG BasicTypeRegistry:145 - Adding type registration integer -> org.hibernate.type.IntegerType@1b2abca6
2017-01-26 13:41:29 DEBUG BasicTypeRegistry:145 - Adding type registration int -> org.hibernate.type.IntegerType@1b2abca6
2017-01-26 13:41:29 DEBUG BasicTypeRegistry:145 - Adding type registration java.lang.Integer -> org.hibernate.type.IntegerType@1b2abca6
2017-01-26 13:41:29 DEBUG BasicTypeRegistry:145 - Adding type registration long -> org.hibernate.type.LongType@5d0a1059
2017-01-26 13:41:29 DEBUG BasicTypeRegistry:145 - Adding type registration long -> org.hibernate.type.LongType@5d0a1059
2017-01-26 13:41:29 DEBUG BasicTypeRegistry:145 - Adding type registration java.lang.Long -> org.hibernate.type.LongType@5d0a1059
2017-01-26 13:41:29 DEBUG BasicTypeRegistry:145 - Adding type registration float -> org.hibernate.type.FloatType@37d4349f
2017-01-26 13:41:29 DEBUG BasicTypeRegistry:145 - Adding type registration float -> org.hibernate.type.FloatType@37d4349f
2017-01-26 13:41:29 DEBUG BasicTypeRegistry:145 - Adding type registration java.lang.Float -> org.hibernate.type.FloatType@37d4349f
2017-01-26 13:41:29 DEBUG BasicTypeRegistry:145 - Adding type registration double -> org.hibernate.type.DoubleType@3c7f66c4
2017-01-26 13:41:29 DEBUG BasicTypeRegistry:145 - Adding type registration double -> org.hibernate.type.DoubleType@3c7f66c4
2017-01-26 13:41:29 DEBUG BasicTypeRegistry:145 - Adding type registration java.lang.Double -> org.hibernate.type.DoubleType@3c7f66c4
2017-01-26 13:41:29 DEBUG BasicTypeRegistry:145 - Adding type registration big_decimal -> org.hibernate.type.BigDecimalType@3e11f9e9
2017-01-26 13:41:29 DEBUG BasicTypeRegistry:145 - Adding type registration java.math.BigDecimal -> org.hibernate.type.BigDecimalType@3e11f9e9
2017-01-26 13:41:29 DEBUG BasicTypeRegistry:145 - Adding type registration big_integer -> org.hibernate.type.BigIntegerType@32502377
2017-01-26 13:41:29 DEBUG BasicTypeRegistry:145 - Adding type registration java.math.BigInteger -> org.hibernate.type.BigIntegerType@32502377
2017-01-26 13:41:29 DEBUG BasicTypeRegistry:145 - Adding type registration string -> org.hibernate.type.StringType@21282ed8
2017-01-26 13:41:29 DEBUG BasicTypeRegistry:145 - Adding type registration java.lang.String -> org.hibernate.type.StringType@21282ed8
2017-01-26 13:41:29 DEBUG BasicTypeRegistry:145 - Adding type registration nstring -> org.hibernate.type.StringNVarcharType@1e1a0406
2017-01-26 13:41:29 DEBUG BasicTypeRegistry:145 - Adding type registration ncharacter -> org.hibernate.type.CharacterNCharType@6253c26
2017-01-26 13:41:29 DEBUG BasicTypeRegistry:145 - Adding type registration url -> org.hibernate.type.UrlType@659499f1
2017-01-26 13:41:29 DEBUG BasicTypeRegistry:145 - Adding type registration java.net.URL -> org.hibernate.type.UrlType@659499f1
2017-01-26 13:41:29 DEBUG BasicTypeRegistry:145 - Adding type registration Duration -> org.hibernate.type.DurationType@4310d43
2017-01-26 13:41:29 DEBUG BasicTypeRegistry:145 - Adding type registration java.time.Duration -> org.hibernate.type.DurationType@4310d43
2017-01-26 13:41:29 DEBUG BasicTypeRegistry:145 - Adding type registration Instant -> org.hibernate.type.InstantType@783a467b
2017-01-26 13:41:29 DEBUG BasicTypeRegistry:145 - Adding type registration java.time.Instant -> org.hibernate.type.InstantType@783a467b
2017-01-26 13:41:29 DEBUG BasicTypeRegistry:145 - Adding type registration LocalDateTime -> org.hibernate.type.LocalDateTimeType@242b836
2017-01-26 13:41:29 DEBUG BasicTypeRegistry:145 - Adding type registration java.time.LocalDateTime -> org.hibernate.type.LocalDateTimeType@242b836
2017-01-26 13:41:29 DEBUG BasicTypeRegistry:145 - Adding type registration LocalDate -> org.hibernate.type.LocalDateType@4f80542f
2017-01-26 13:41:29 DEBUG BasicTypeRegistry:145 - Adding type registration java.time.LocalDate -> org.hibernate.type.LocalDateType@4f80542f
2017-01-26 13:41:29 DEBUG BasicTypeRegistry:145 - Adding type registration LocalTime -> org.hibernate.type.LocalTimeType@2e3967ea
2017-01-26 13:41:29 DEBUG BasicTypeRegistry:145 - Adding type registration java.time.LocalTime -> org.hibernate.type.LocalTimeType@2e3967ea
2017-01-26 13:41:29 DEBUG BasicTypeRegistry:145 - Adding type registration OffsetDateTime -> org.hibernate.type.OffsetDateTimeType@51c668e3
2017-01-26 13:41:29 DEBUG BasicTypeRegistry:145 - Adding type registration java.time.OffsetDateTime -> org.hibernate.type.OffsetDateTimeType@51c668e3
2017-01-26 13:41:29 DEBUG BasicTypeRegistry:145 - Adding type registration OffsetTime -> org.hibernate.type.OffsetTimeType@4a883b15
2017-01-26 13:41:29 DEBUG BasicTypeRegistry:145 - Adding type registration java.time.OffsetTime -> org.hibernate.type.OffsetTimeType@4a883b15
2017-01-26 13:41:29 DEBUG BasicTypeRegistry:145 - Adding type registration ZonedDateTime -> org.hibernate.type.ZonedDateTimeType@2794eab6
2017-01-26 13:41:29 DEBUG BasicTypeRegistry:145 - Adding type registration java.time.ZonedDateTime -> org.hibernate.type.ZonedDateTimeType@2794eab6
2017-01-26 13:41:29 DEBUG BasicTypeRegistry:145 - Adding type registration date -> org.hibernate.type.DateType@1c7696c6
2017-01-26 13:41:29 DEBUG BasicTypeRegistry:145 - Adding type registration java.sql.Date -> org.hibernate.type.DateType@1c7696c6
2017-01-26 13:41:29 DEBUG BasicTypeRegistry:145 - Adding type registration time -> org.hibernate.type.TimeType@1a6d8329
2017-01-26 13:41:29 DEBUG BasicTypeRegistry:145 - Adding type registration java.sql.Time -> org.hibernate.type.TimeType@1a6d8329
2017-01-26 13:41:29 DEBUG BasicTypeRegistry:145 - Adding type registration timestamp -> org.hibernate.type.TimestampType@3c77d488
2017-01-26 13:41:29 DEBUG BasicTypeRegistry:145 - Adding type registration java.sql.Timestamp -> org.hibernate.type.TimestampType@3c77d488
2017-01-26 13:41:29 DEBUG BasicTypeRegistry:145 - Adding type registration java.util.Date -> org.hibernate.type.TimestampType@3c77d488
2017-01-26 13:41:29 DEBUG BasicTypeRegistry:145 - Adding type registration dbtimestamp -> org.hibernate.type.DbTimestampType@d86a6f
2017-01-26 13:41:29 DEBUG BasicTypeRegistry:145 - Adding type registration calendar -> org.hibernate.type.CalendarType@3e27aa33
2017-01-26 13:41:29 DEBUG BasicTypeRegistry:145 - Adding type registration java.util.Calendar -> org.hibernate.type.CalendarType@3e27aa33
2017-01-26 13:41:29 DEBUG BasicTypeRegistry:145 - Adding type registration java.util.GregorianCalendar -> org.hibernate.type.CalendarType@3e27aa33
2017-01-26 13:41:29 DEBUG BasicTypeRegistry:145 - Adding type registration calendar_date -> org.hibernate.type.CalendarDateType@298a5e20
2017-01-26 13:41:29 DEBUG BasicTypeRegistry:145 - Adding type registration locale -> org.hibernate.type.LocaleType@26d9b808
2017-01-26 13:41:29 DEBUG BasicTypeRegistry:145 - Adding type registration java.util.Locale -> org.hibernate.type.LocaleType@26d9b808
2017-01-26 13:41:29 DEBUG BasicTypeRegistry:145 - Adding type registration currency -> org.hibernate.type.CurrencyType@54c5a2ff
2017-01-26 13:41:29 DEBUG BasicTypeRegistry:145 - Adding type registration java.util.Currency -> org.hibernate.type.CurrencyType@54c5a2ff
2017-01-26 13:41:29 DEBUG BasicTypeRegistry:145 - Adding type registration timezone -> org.hibernate.type.TimeZoneType@6e6f2380
2017-01-26 13:41:29 DEBUG BasicTypeRegistry:145 - Adding type registration java.util.TimeZone -> org.hibernate.type.TimeZoneType@6e6f2380
2017-01-26 13:41:29 DEBUG BasicTypeRegistry:145 - Adding type registration class -> org.hibernate.type.ClassType@1530c739
2017-01-26 13:41:29 DEBUG BasicTypeRegistry:145 - Adding type registration java.lang.Class -> org.hibernate.type.ClassType@1530c739
2017-01-26 13:41:29 DEBUG BasicTypeRegistry:145 - Adding type registration uuid-binary -> org.hibernate.type.UUIDBinaryType@470734c3
2017-01-26 13:41:29 DEBUG BasicTypeRegistry:145 - Adding type registration java.util.UUID -> org.hibernate.type.UUIDBinaryType@470734c3
2017-01-26 13:41:29 DEBUG BasicTypeRegistry:145 - Adding type registration uuid-char -> org.hibernate.type.UUIDCharType@69e153c5
2017-01-26 13:41:29 DEBUG BasicTypeRegistry:145 - Adding type registration binary -> org.hibernate.type.BinaryType@76b1e9b8
2017-01-26 13:41:29 DEBUG BasicTypeRegistry:145 - Adding type registration byte[] -> org.hibernate.type.BinaryType@76b1e9b8
2017-01-26 13:41:29 DEBUG BasicTypeRegistry:145 - Adding type registration [B -> org.hibernate.type.BinaryType@76b1e9b8
2017-01-26 13:41:29 DEBUG BasicTypeRegistry:145 - Adding type registration wrapper-binary -> org.hibernate.type.WrapperBinaryType@793f29ff
2017-01-26 13:41:29 DEBUG BasicTypeRegistry:145 - Adding type registration Byte[] -> org.hibernate.type.WrapperBinaryType@793f29ff
2017-01-26 13:41:29 DEBUG BasicTypeRegistry:145 - Adding type registration [Ljava.lang.Byte; -> org.hibernate.type.WrapperBinaryType@793f29ff
2017-01-26 13:41:29 DEBUG BasicTypeRegistry:145 - Adding type registration row_version -> org.hibernate.type.RowVersionType@117159c0
2017-01-26 13:41:29 DEBUG BasicTypeRegistry:145 - Adding type registration image -> org.hibernate.type.ImageType@235ecd9f
2017-01-26 13:41:29 DEBUG BasicTypeRegistry:145 - Adding type registration characters -> org.hibernate.type.CharArrayType@74d1dc36
2017-01-26 13:41:29 DEBUG BasicTypeRegistry:145 - Adding type registration char[] -> org.hibernate.type.CharArrayType@74d1dc36
2017-01-26 13:41:29 DEBUG BasicTypeRegistry:145 - Adding type registration [C -> org.hibernate.type.CharArrayType@74d1dc36
2017-01-26 13:41:29 DEBUG BasicTypeRegistry:145 - Adding type registration wrapper-characters -> org.hibernate.type.CharacterArrayType@19e4653c
2017-01-26 13:41:29 DEBUG BasicTypeRegistry:145 - Adding type registration [Ljava.lang.Character; -> org.hibernate.type.CharacterArrayType@19e4653c
2017-01-26 13:41:29 DEBUG BasicTypeRegistry:145 - Adding type registration Character[] -> org.hibernate.type.CharacterArrayType@19e4653c
2017-01-26 13:41:29 DEBUG BasicTypeRegistry:145 - Adding type registration text -> org.hibernate.type.TextType@3a7442c7
2017-01-26 13:41:29 DEBUG BasicTypeRegistry:145 - Adding type registration ntext -> org.hibernate.type.NTextType@cb0755b
2017-01-26 13:41:29 DEBUG BasicTypeRegistry:145 - Adding type registration blob -> org.hibernate.type.BlobType@72035809
2017-01-26 13:41:29 DEBUG BasicTypeRegistry:145 - Adding type registration java.sql.Blob -> org.hibernate.type.BlobType@72035809
2017-01-26 13:41:29 DEBUG BasicTypeRegistry:145 - Adding type registration materialized_blob -> org.hibernate.type.MaterializedBlobType@606e4010
2017-01-26 13:41:29 DEBUG BasicTypeRegistry:145 - Adding type registration clob -> org.hibernate.type.ClobType@710c2b53
2017-01-26 13:41:29 DEBUG BasicTypeRegistry:145 - Adding type registration java.sql.Clob -> org.hibernate.type.ClobType@710c2b53
2017-01-26 13:41:29 DEBUG BasicTypeRegistry:145 - Adding type registration nclob -> org.hibernate.type.NClobType@451001e5
2017-01-26 13:41:29 DEBUG BasicTypeRegistry:145 - Adding type registration java.sql.NClob -> org.hibernate.type.NClobType@451001e5
2017-01-26 13:41:29 DEBUG BasicTypeRegistry:145 - Adding type registration materialized_clob -> org.hibernate.type.MaterializedClobType@4d1c005e
2017-01-26 13:41:29 DEBUG BasicTypeRegistry:145 - Adding type registration materialized_nclob -> org.hibernate.type.MaterializedNClobType@5ddeb7cb
2017-01-26 13:41:29 DEBUG BasicTypeRegistry:145 - Adding type registration serializable -> org.hibernate.type.SerializableType@247310d0
2017-01-26 13:41:29 DEBUG BasicTypeRegistry:145 - Adding type registration object -> org.hibernate.type.ObjectType@73eb439a
2017-01-26 13:41:29 DEBUG BasicTypeRegistry:145 - Adding type registration java.lang.Object -> org.hibernate.type.ObjectType@73eb439a
2017-01-26 13:41:29 DEBUG BasicTypeRegistry:145 - Adding type registration imm_date -> org.hibernate.type.AdaptedImmutableType@302c971f
2017-01-26 13:41:29 DEBUG BasicTypeRegistry:145 - Adding type registration imm_time -> org.hibernate.type.AdaptedImmutableType@1972e513
2017-01-26 13:41:29 DEBUG BasicTypeRegistry:145 - Adding type registration imm_timestamp -> org.hibernate.type.AdaptedImmutableType@7ae0a9ec
2017-01-26 13:41:29 DEBUG BasicTypeRegistry:145 - Adding type registration imm_dbtimestamp -> org.hibernate.type.AdaptedImmutableType@35841320
2017-01-26 13:41:29 DEBUG BasicTypeRegistry:145 - Adding type registration imm_calendar -> org.hibernate.type.AdaptedImmutableType@61c4eee0
2017-01-26 13:41:29 DEBUG BasicTypeRegistry:145 - Adding type registration imm_calendar_date -> org.hibernate.type.AdaptedImmutableType@6f10d5b6
2017-01-26 13:41:29 DEBUG BasicTypeRegistry:145 - Adding type registration imm_binary -> org.hibernate.type.AdaptedImmutableType@1040be71
2017-01-26 13:41:29 DEBUG BasicTypeRegistry:145 - Adding type registration imm_serializable -> org.hibernate.type.AdaptedImmutableType@548a24a
2017-01-26 13:41:29 WARN  pooling:70 - HHH10001002: Using Hibernate built-in connection pool (not for production use!)
2017-01-26 13:41:29 INFO  pooling:126 - HHH10001005: using driver [com.mysql.jdbc.Driver] at URL [jdbc:mysql://localhost/hibernate_test]
2017-01-26 13:41:29 INFO  pooling:132 - HHH10001001: Connection properties: {user=root, password=raffo}
2017-01-26 13:41:29 INFO  pooling:140 - HHH10001003: Autocommit mode: false
2017-01-26 13:41:29 DEBUG DriverManagerConnectionProviderImpl:384 - Initializing Connection pool with 1 Connections
2017-01-26 13:41:29 INFO  DriverManagerConnectionProviderImpl:41 - HHH000115: Hibernate connection pool size: 1 (min=1)
2017-01-26 13:41:29 DEBUG JdbcEnvironmentInitiator:72 - Database ->
       name : MySQL
    version : 5.7.10-log
      major : 5
      minor : 7
2017-01-26 13:41:29 DEBUG JdbcEnvironmentInitiator:83 - Driver ->
       name : MySQL Connector Java
    version : mysql-connector-java-5.1.37 ( Revision: 09940f05b4c98150f352e787a2549f11a2e9da93 )
      major : 5
      minor : 1
2017-01-26 13:41:29 DEBUG JdbcEnvironmentInitiator:389 - JDBC version : 4.0
2017-01-26 13:41:29 INFO  Dialect:157 - HHH000400: Using dialect: org.hibernate.dialect.HSQLDialect
2017-01-26 13:41:29 DEBUG IdentifierHelperBuilder:117 - JDBC driver metadata reported database stores quoted identifiers in more than one case
2017-01-26 13:41:29 DEBUG IdentifierHelperBuilder:191 - IdentifierCaseStrategy for both quoted and unquoted identifiers was set to the same strategy [LOWER]; that will likely lead to problems in schema update and validation if using quoted identifiers
2017-01-26 13:41:29 DEBUG DefaultIdentifierGeneratorFactory:81 - Registering IdentifierGenerator strategy [uuid2] -> [org.hibernate.id.UUIDGenerator]
2017-01-26 13:41:29 DEBUG DefaultIdentifierGeneratorFactory:81 - Registering IdentifierGenerator strategy [guid] -> [org.hibernate.id.GUIDGenerator]
2017-01-26 13:41:29 DEBUG DefaultIdentifierGeneratorFactory:81 - Registering IdentifierGenerator strategy [uuid] -> [org.hibernate.id.UUIDHexGenerator]
2017-01-26 13:41:29 DEBUG DefaultIdentifierGeneratorFactory:81 - Registering IdentifierGenerator strategy [uuid.hex] -> [org.hibernate.id.UUIDHexGenerator]
2017-01-26 13:41:29 DEBUG DefaultIdentifierGeneratorFactory:81 - Registering IdentifierGenerator strategy [assigned] -> [org.hibernate.id.Assigned]
2017-01-26 13:41:29 DEBUG DefaultIdentifierGeneratorFactory:81 - Registering IdentifierGenerator strategy [identity] -> [org.hibernate.id.IdentityGenerator]
2017-01-26 13:41:29 DEBUG DefaultIdentifierGeneratorFactory:81 - Registering IdentifierGenerator strategy [select] -> [org.hibernate.id.SelectGenerator]
2017-01-26 13:41:29 DEBUG DefaultIdentifierGeneratorFactory:81 - Registering IdentifierGenerator strategy [sequence] -> [org.hibernate.id.enhanced.SequenceStyleGenerator]
2017-01-26 13:41:29 DEBUG DefaultIdentifierGeneratorFactory:81 - Registering IdentifierGenerator strategy [seqhilo] -> [org.hibernate.id.SequenceHiLoGenerator]
2017-01-26 13:41:29 DEBUG DefaultIdentifierGeneratorFactory:81 - Registering IdentifierGenerator strategy [increment] -> [org.hibernate.id.IncrementGenerator]
2017-01-26 13:41:29 DEBUG DefaultIdentifierGeneratorFactory:81 - Registering IdentifierGenerator strategy [foreign] -> [org.hibernate.id.ForeignGenerator]
2017-01-26 13:41:29 DEBUG DefaultIdentifierGeneratorFactory:81 - Registering IdentifierGenerator strategy [sequence-identity] -> [org.hibernate.id.SequenceIdentityGenerator]
2017-01-26 13:41:29 DEBUG DefaultIdentifierGeneratorFactory:81 - Registering IdentifierGenerator strategy [enhanced-sequence] -> [org.hibernate.id.enhanced.SequenceStyleGenerator]
2017-01-26 13:41:29 DEBUG DefaultIdentifierGeneratorFactory:81 - Registering IdentifierGenerator strategy [enhanced-table] -> [org.hibernate.id.enhanced.TableGenerator]
2017-01-26 13:41:29 DEBUG Namespace:47 - Created database namespace [logicalName=Name{catalog=null, schema=null}, physicalName=Name{catalog=null, schema=null}]
2017-01-26 13:41:29 DEBUG ModelBinder:230 - Mapping class: com.raffo.Persona -> tab_01
2017-01-26 13:41:29 DEBUG ModelBinder:2501 - Mapped property: id -> [id]
2017-01-26 13:41:29 DEBUG PrimaryKey:35 - Forcing column [id] to be non-null as it is part of the primary key for table [tab_01]
2017-01-26 13:41:29 DEBUG ModelBinder:2501 - Mapped property: email -> [email]
2017-01-26 13:41:29 DEBUG ModelBinder:2501 - Mapped property: nome -> [nome]
2017-01-26 13:41:29 DEBUG ModelBinder:2501 - Mapped property: cognome -> [cognome]
2017-01-26 13:41:29 DEBUG SessionFactoryImpl:199 - Building session factory
2017-01-26 13:41:29 DEBUG Settings:69 - SessionFactory name : null
2017-01-26 13:41:29 DEBUG Settings:70 - Automatic flush during beforeCompletion(): enabled
2017-01-26 13:41:29 DEBUG Settings:71 - Automatic session close at end of transaction: disabled
2017-01-26 13:41:29 DEBUG Settings:73 - Statistics: disabled
2017-01-26 13:41:29 DEBUG Settings:75 - Deleted entity synthetic identifier rollback: disabled
2017-01-26 13:41:29 DEBUG Settings:76 - Default entity-mode: pojo
2017-01-26 13:41:29 DEBUG Settings:77 - Check Nullability in Core (should be disabled when Bean Validation is on): enabled
2017-01-26 13:41:29 DEBUG Settings:78 - Allow initialization of lazy state outside session : disabled
2017-01-26 13:41:29 DEBUG Settings:80 - Using BatchFetchStyle : LEGACY
2017-01-26 13:41:29 DEBUG Settings:81 - Default batch fetch size: -1
2017-01-26 13:41:29 DEBUG Settings:82 - Maximum outer join fetch depth: null
2017-01-26 13:41:29 DEBUG Settings:83 - Default null ordering: NONE
2017-01-26 13:41:29 DEBUG Settings:84 - Order SQL updates by primary key: disabled
2017-01-26 13:41:29 DEBUG Settings:85 - Order SQL inserts for batching: disabled
2017-01-26 13:41:29 DEBUG Settings:87 - multi-tenancy strategy : NONE
2017-01-26 13:41:29 DEBUG Settings:89 - JTA Track by Thread: enabled
2017-01-26 13:41:29 DEBUG Settings:91 - Query language substitutions: {}
2017-01-26 13:41:29 DEBUG Settings:92 - JPA query language strict compliance: disabled
2017-01-26 13:41:29 DEBUG Settings:93 - Named query checking : enabled
2017-01-26 13:41:29 DEBUG Settings:95 - Second-level cache: enabled
2017-01-26 13:41:29 DEBUG Settings:96 - Second-level query cache: disabled
2017-01-26 13:41:29 DEBUG Settings:97 - Second-level query cache factory: org.hibernate.cache.internal.StandardQueryCacheFactory@4ce7fffa
2017-01-26 13:41:29 DEBUG Settings:98 - Second-level cache region prefix: null
2017-01-26 13:41:29 DEBUG Settings:99 - Optimize second-level cache for minimal puts: disabled
2017-01-26 13:41:29 DEBUG Settings:100 - Structured second-level cache entries: disabled
2017-01-26 13:41:29 DEBUG Settings:101 - Second-level cache direct-reference entries: disabled
2017-01-26 13:41:29 DEBUG Settings:102 - Automatic eviction of collection cache: disabled
2017-01-26 13:41:29 DEBUG Settings:104 - JDBC batch size: 15
2017-01-26 13:41:29 DEBUG Settings:105 - JDBC batch updates for versioned data: enabled
2017-01-26 13:41:29 DEBUG Settings:106 - Scrollable result sets: enabled
2017-01-26 13:41:29 DEBUG Settings:107 - Wrap result sets: disabled
2017-01-26 13:41:29 DEBUG Settings:108 - JDBC3 getGeneratedKeys(): enabled
2017-01-26 13:41:29 DEBUG Settings:109 - JDBC result set fetch size: null
2017-01-26 13:41:29 DEBUG Settings:110 - Connection release mode: AFTER_TRANSACTION
2017-01-26 13:41:29 DEBUG Settings:111 - Generate SQL with comments: disabled
2017-01-26 13:41:29 DEBUG SessionFactoryImpl:254 - Session factory constructed with filter configurations : {}
2017-01-26 13:41:29 DEBUG SessionFactoryImpl:255 - Instantiating session factory with properties: {sun.desktop=windows, awt.toolkit=sun.awt.windows.WToolkit, dialect=org.hibernate.dialect.HSQLDialect, file.encoding.pkg=sun.io, java.specification.version=1.8, sun.cpu.isalist=amd64, sun.jnu.encoding=Cp1252, hibernate.dialect=org.hibernate.dialect.HSQLDialect, java.class.path=C:\Sviluppo\Progetti\Eclipse\Neon\Java\Hibernate_ex1\target\classes;C:\Users\Raffaele Ficcadenti\.m2\repository\log4j\log4j\1.2.17\log4j-1.2.17.jar;C:\Users\Raffaele Ficcadenti\.m2\repository\org\hibernate\hibernate-core\5.2.6.Final\hibernate-core-5.2.6.Final.jar;C:\Users\Raffaele Ficcadenti\.m2\repository\org\jboss\logging\jboss-logging\3.3.0.Final\jboss-logging-3.3.0.Final.jar;C:\Users\Raffaele Ficcadenti\.m2\repository\org\hibernate\javax\persistence\hibernate-jpa-2.1-api\1.0.0.Final\hibernate-jpa-2.1-api-1.0.0.Final.jar;C:\Users\Raffaele Ficcadenti\.m2\repository\org\javassist\javassist\3.20.0-GA\javassist-3.20.0-GA.jar;C:\Users\Raffaele Ficcadenti\.m2\repository\antlr\antlr\2.7.7\antlr-2.7.7.jar;C:\Users\Raffaele Ficcadenti\.m2\repository\org\apache\geronimo\specs\geronimo-jta_1.1_spec\1.1.1\geronimo-jta_1.1_spec-1.1.1.jar;C:\Users\Raffaele Ficcadenti\.m2\repository\org\jboss\jandex\2.0.3.Final\jandex-2.0.3.Final.jar;C:\Users\Raffaele Ficcadenti\.m2\repository\com\fasterxml\classmate\1.3.0\classmate-1.3.0.jar;C:\Users\Raffaele Ficcadenti\.m2\repository\dom4j\dom4j\1.6.1\dom4j-1.6.1.jar;C:\Users\Raffaele Ficcadenti\.m2\repository\org\hibernate\common\hibernate-commons-annotations\5.0.1.Final\hibernate-commons-annotations-5.0.1.Final.jar;C:\Users\Raffaele Ficcadenti\.m2\repository\javax\enterprise\cdi-api\1.1\cdi-api-1.1.jar;C:\Users\Raffaele Ficcadenti\.m2\repository\javax\el\el-api\2.2\el-api-2.2.jar;C:\Users\Raffaele Ficcadenti\.m2\repository\org\jboss\spec\javax\interceptor\jboss-interceptors-api_1.1_spec\1.0.0.Beta1\jboss-interceptors-api_1.1_spec-1.0.0.Beta1.jar;C:\Users\Raffaele Ficcadenti\.m2\repository\javax\annotation\jsr250-api\1.0\jsr250-api-1.0.jar;C:\Users\Raffaele Ficcadenti\.m2\repository\javax\inject\javax.inject\1\javax.inject-1.jar;C:\Users\Raffaele Ficcadenti\.m2\repository\mysql\mysql-connector-java\5.1.37\mysql-connector-java-5.1.37.jar, java.vm.vendor=Oracle Corporation, sun.arch.data.model=64, user.variant=, java.vendor.url=http://java.oracle.com/, user.timezone=Europe/Berlin, os.name=Windows 7, java.vm.specification.version=1.8, current_session_context_class=thread, sun.java.launcher=SUN_STANDARD, user.country=IT, sun.boot.library.path=C:\Sviluppo\Java\jre.1.8.0_102\bin, sun.java.command=com.raffo.Hibernate_01, sun.cpu.endian=little, user.home=C:\Users\Raffaele Ficcadenti, user.language=it, java.specification.vendor=Oracle Corporation, hibernate.cache.provider_class=org.hibernate.cache.NoCacheProvider, java.home=C:\Sviluppo\Java\jre.1.8.0_102, file.separator=\, line.separator=
, java.vm.specification.vendor=Oracle Corporation, java.specification.name=Java Platform API Specification, java.awt.graphicsenv=sun.awt.Win32GraphicsEnvironment, cache.provider_class=org.hibernate.cache.NoCacheProvider, sun.boot.class.path=C:\Sviluppo\Java\jre.1.8.0_102\lib\resources.jar;C:\Sviluppo\Java\jre.1.8.0_102\lib\rt.jar;C:\Sviluppo\Java\jre.1.8.0_102\lib\sunrsasign.jar;C:\Sviluppo\Java\jre.1.8.0_102\lib\jsse.jar;C:\Sviluppo\Java\jre.1.8.0_102\lib\jce.jar;C:\Sviluppo\Java\jre.1.8.0_102\lib\charsets.jar;C:\Sviluppo\Java\jre.1.8.0_102\lib\jfr.jar;C:\Sviluppo\Java\jre.1.8.0_102\classes, user.script=, connection.password=raffo, sun.management.compiler=HotSpot 64-Bit Tiered Compilers, java.runtime.version=1.8.0_102-b14, user.name=Raffaele Ficcadenti, path.separator=;, hibernate.connection.username=root, os.version=6.1, java.endorsed.dirs=C:\Sviluppo\Java\jre.1.8.0_102\lib\endorsed, java.runtime.name=Java(TM) SE Runtime Environment, hibernate.connection.url=jdbc:mysql://localhost/hibernate_test, connection.pool_size=1, file.encoding=UTF-8, java.vm.name=Java HotSpot(TM) 64-Bit Server VM, hibernate.show_sql=true, hibernate.current_session_context_class=thread, show_sql=true, hibernate.connection.driver_class=com.mysql.jdbc.Driver, java.vendor.url.bug=http://bugreport.sun.com/bugreport/, java.io.tmpdir=C:\Users\RAFFAE~1\AppData\Local\Temp\, java.version=1.8.0_102, user.dir=C:\Sviluppo\Progetti\Eclipse\Neon\Java\Hibernate_ex1, os.arch=amd64, connection.username=root, java.vm.specification.name=Java Virtual Machine Specification, hibernate.connection.password=****, java.awt.printerjob=sun.awt.windows.WPrinterJob, sun.os.patch.level=Service Pack 1, connection.driver_class=com.mysql.jdbc.Driver, hibernate.boot.CfgXmlAccessService.key=org.hibernate.boot.cfgxml.spi.LoadedConfig@ccb4b1b, java.library.path=C:\Sviluppo\Java\jre.1.8.0_102\bin;C:\windows\Sun\Java\bin;C:\windows\system32;C:\windows;C:/Sviluppo/Java/jre.1.8.0_102/bin/server;C:/Sviluppo/Java/jre.1.8.0_102/bin;C:/Sviluppo/Java/jre.1.8.0_102/lib/amd64;C:\ProgramData\Oracle\Java\javapath;C:\Sviluppo\Perl64\site\bin;C:\Sviluppo\Perl64\bin;c:\Program Files (x86)\Intel\iCLS Client\;c:\Program Files\Intel\iCLS Client\;C:\windows\system32;C:\windows;C:\windows\System32\Wbem;C:\windows\System32\WindowsPowerShell\v1.0\;C:\Program Files\Intel\Intel(R) Management Engine Components\DAL;C:\Program Files\Intel\Intel(R) Management Engine Components\IPT;C:\Program Files (x86)\Intel\Intel(R) Management Engine Components\DAL;C:\Program Files (x86)\Intel\Intel(R) Management Engine Components\IPT;c:\Program Files (x86)\Hewlett-Packard\HP Performance Advisor;C:\Program Files (x86)\Skype\Phone\;c:\Program Files (x86)\Microsoft SQL Server\100\Tools\Binn\;c:\Program Files\Microsoft SQL Server\100\Tools\Binn\;c:\Program Files\Microsoft SQL Server\100\DTS\Binn\;C:\Utility\Versionatori\TortoiseGit\bin;C:\Program Files\Git\cmd;C:\Sviluppo\P4merge;C:\Sviluppo\P4merge\DVCS\;C:\Sviluppo\nodejs\;C:\Utility\UltraEdit\;D:\Sviluppo\php;C:\Sviluppo\Java\jdk1.8.0_102\bin;C:\Program Files (x86)\CVSNT\;C:\Sviluppo\Database\MySQL\MySQL Server 5.7\bin;C:\Sviluppo\Docker Toolbox;C:\Users\Raffaele Ficcadenti\AppData\Local\.meteor\;C:\Sviluppo\Android\MeteorKitchen\bin;C:\Sviluppo\php;C:\Users\Raffaele Ficcadenti\AppData\Roaming\npm;C:\Sviluppo\Eclipse\Neon\Java\eclipse;;., java.vendor=Oracle Corporation, java.vm.info=mixed mode, java.vm.version=25.102-b14, hibernate.bytecode.use_reflection_optimizer=false, sun.io.unicode.encoding=UnicodeLittle, java.ext.dirs=C:\Sviluppo\Java\jre.1.8.0_102\lib\ext;C:\windows\Sun\Java\lib\ext, hibernate.connection.pool_size=1, connection.url=jdbc:mysql://localhost/hibernate_test, java.class.version=52.0}
2017-01-26 13:41:29 DEBUG JaccIntegrator:80 - Skipping JACC integration as it was not enabled
2017-01-26 13:41:29 DEBUG SessionFactoryImpl:294 - Instantiated session factory
2017-01-26 13:41:29 DEBUG ClassLoaderAccessImpl:55 - Not known whether passed class name [com.raffo.Persona] is safe
2017-01-26 13:41:29 DEBUG ClassLoaderAccessImpl:57 - No temp ClassLoader provided; using live ClassLoader for loading potentially unsafe class : com.raffo.Persona
2017-01-26 13:41:29 DEBUG ClassLoaderAccessImpl:55 - Not known whether passed class name [com.raffo.Persona] is safe
2017-01-26 13:41:29 DEBUG ClassLoaderAccessImpl:57 - No temp ClassLoader provided; using live ClassLoader for loading potentially unsafe class : com.raffo.Persona
2017-01-26 13:41:30 DEBUG AbstractEntityPersister:3596 - Static SQL for entity: com.raffo.Persona
2017-01-26 13:41:30 DEBUG AbstractEntityPersister:3601 -  Version select: select id from tab_01 where id =?
2017-01-26 13:41:30 DEBUG AbstractEntityPersister:3604 -  Snapshot select: select persona_.id, persona_.email as email2_0_, persona_.nome as nome3_0_, persona_.cognome as cognome4_0_ from tab_01 persona_ where persona_.id=?
2017-01-26 13:41:30 DEBUG AbstractEntityPersister:394 -  Insert 0: insert into tab_01 (email, nome, cognome, id) values (?, ?, ?, ?)
2017-01-26 13:41:30 DEBUG AbstractEntityPersister:394 -  Update 0: update tab_01 set email=?, nome=?, cognome=? where id=?
2017-01-26 13:41:30 DEBUG AbstractEntityPersister:394 -  Delete 0: delete from tab_01 where id=?
2017-01-26 13:41:30 DEBUG AbstractEntityPersister:3612 -  Identity insert: insert into tab_01 (id, email, nome, cognome) values (null, ?, ?, ?)
2017-01-26 13:41:30 DEBUG QuerySpacesImpl:174 - Adding QuerySpace : uid = <gen:0> -> org.hibernate.loader.plan.build.internal.spaces.EntityQuerySpaceImpl@18518ccf]
2017-01-26 13:41:30 DEBUG MetamodelGraphWalker:137 - Visiting attribute path : email
2017-01-26 13:41:30 DEBUG MetamodelGraphWalker:137 - Visiting attribute path : nome
2017-01-26 13:41:30 DEBUG MetamodelGraphWalker:137 - Visiting attribute path : cognome
2017-01-26 13:41:30 DEBUG FetchStyleLoadPlanBuildingAssociationVisitationStrategy:150 - Building LoadPlan...
2017-01-26 13:41:30 DEBUG LoadQueryJoinAndFetchProcessor:100 - processing queryspace <gen:0>
2017-01-26 13:41:30 DEBUG LoadPlanTreePrinter:55 - LoadPlan(entity=com.raffo.Persona)
    - Returns
       - EntityReturnImpl(entity=com.raffo.Persona, querySpaceUid=<gen:0>, path=com.raffo.Persona)
    - QuerySpaces
       - EntityQuerySpaceImpl(uid=<gen:0>, entity=com.raffo.Persona)
          - SQL table alias mapping - persona0_
          - alias suffix - 0_
          - suffixed key columns - {id1_0_0_}

2017-01-26 13:41:30 DEBUG EntityLoader:115 - Static select for entity com.raffo.Persona [NONE]: select persona0_.id as id1_0_0_, persona0_.email as email2_0_0_, persona0_.nome as nome3_0_0_, persona0_.cognome as cognome4_0_0_ from tab_01 persona0_ where persona0_.id=?
2017-01-26 13:41:30 DEBUG QuerySpacesImpl:174 - Adding QuerySpace : uid = <gen:0> -> org.hibernate.loader.plan.build.internal.spaces.EntityQuerySpaceImpl@1536602f]
2017-01-26 13:41:30 DEBUG MetamodelGraphWalker:137 - Visiting attribute path : email
2017-01-26 13:41:30 DEBUG MetamodelGraphWalker:137 - Visiting attribute path : nome
2017-01-26 13:41:30 DEBUG MetamodelGraphWalker:137 - Visiting attribute path : cognome
2017-01-26 13:41:30 DEBUG FetchStyleLoadPlanBuildingAssociationVisitationStrategy:150 - Building LoadPlan...
2017-01-26 13:41:30 DEBUG LoadQueryJoinAndFetchProcessor:100 - processing queryspace <gen:0>
2017-01-26 13:41:30 DEBUG LoadPlanTreePrinter:55 - LoadPlan(entity=com.raffo.Persona)
    - Returns
       - EntityReturnImpl(entity=com.raffo.Persona, querySpaceUid=<gen:0>, path=com.raffo.Persona)
    - QuerySpaces
       - EntityQuerySpaceImpl(uid=<gen:0>, entity=com.raffo.Persona)
          - SQL table alias mapping - persona0_
          - alias suffix - 0_
          - suffixed key columns - {id1_0_0_}

2017-01-26 13:41:30 DEBUG EntityLoader:115 - Static select for entity com.raffo.Persona [READ]: select persona0_.id as id1_0_0_, persona0_.email as email2_0_0_, persona0_.nome as nome3_0_0_, persona0_.cognome as cognome4_0_0_ from tab_01 persona0_ where persona0_.id=?
2017-01-26 13:41:30 DEBUG QuerySpacesImpl:174 - Adding QuerySpace : uid = <gen:0> -> org.hibernate.loader.plan.build.internal.spaces.EntityQuerySpaceImpl@2a1edad4]
2017-01-26 13:41:30 DEBUG MetamodelGraphWalker:137 - Visiting attribute path : email
2017-01-26 13:41:30 DEBUG MetamodelGraphWalker:137 - Visiting attribute path : nome
2017-01-26 13:41:30 DEBUG MetamodelGraphWalker:137 - Visiting attribute path : cognome
2017-01-26 13:41:30 DEBUG FetchStyleLoadPlanBuildingAssociationVisitationStrategy:150 - Building LoadPlan...
2017-01-26 13:41:30 DEBUG LoadQueryJoinAndFetchProcessor:100 - processing queryspace <gen:0>
2017-01-26 13:41:30 DEBUG LoadPlanTreePrinter:55 - LoadPlan(entity=com.raffo.Persona)
    - Returns
       - EntityReturnImpl(entity=com.raffo.Persona, querySpaceUid=<gen:0>, path=com.raffo.Persona)
    - QuerySpaces
       - EntityQuerySpaceImpl(uid=<gen:0>, entity=com.raffo.Persona)
          - SQL table alias mapping - persona0_
          - alias suffix - 0_
          - suffixed key columns - {id1_0_0_}

2017-01-26 13:41:30 DEBUG EntityLoader:115 - Static select for entity com.raffo.Persona [UPGRADE]: select persona0_.id as id1_0_0_, persona0_.email as email2_0_0_, persona0_.nome as nome3_0_0_, persona0_.cognome as cognome4_0_0_ from tab_01 persona0_ where persona0_.id=?
2017-01-26 13:41:30 DEBUG QuerySpacesImpl:174 - Adding QuerySpace : uid = <gen:0> -> org.hibernate.loader.plan.build.internal.spaces.EntityQuerySpaceImpl@44c79f32]
2017-01-26 13:41:30 DEBUG MetamodelGraphWalker:137 - Visiting attribute path : email
2017-01-26 13:41:30 DEBUG MetamodelGraphWalker:137 - Visiting attribute path : nome
2017-01-26 13:41:30 DEBUG MetamodelGraphWalker:137 - Visiting attribute path : cognome
2017-01-26 13:41:30 DEBUG FetchStyleLoadPlanBuildingAssociationVisitationStrategy:150 - Building LoadPlan...
2017-01-26 13:41:30 DEBUG LoadQueryJoinAndFetchProcessor:100 - processing queryspace <gen:0>
2017-01-26 13:41:30 DEBUG LoadPlanTreePrinter:55 - LoadPlan(entity=com.raffo.Persona)
    - Returns
       - EntityReturnImpl(entity=com.raffo.Persona, querySpaceUid=<gen:0>, path=com.raffo.Persona)
    - QuerySpaces
       - EntityQuerySpaceImpl(uid=<gen:0>, entity=com.raffo.Persona)
          - SQL table alias mapping - persona0_
          - alias suffix - 0_
          - suffixed key columns - {id1_0_0_}

2017-01-26 13:41:30 DEBUG EntityLoader:115 - Static select for entity com.raffo.Persona [UPGRADE_NOWAIT]: select persona0_.id as id1_0_0_, persona0_.email as email2_0_0_, persona0_.nome as nome3_0_0_, persona0_.cognome as cognome4_0_0_ from tab_01 persona0_ where persona0_.id=?
2017-01-26 13:41:30 DEBUG QuerySpacesImpl:174 - Adding QuerySpace : uid = <gen:0> -> org.hibernate.loader.plan.build.internal.spaces.EntityQuerySpaceImpl@235f4c10]
2017-01-26 13:41:30 DEBUG MetamodelGraphWalker:137 - Visiting attribute path : email
2017-01-26 13:41:30 DEBUG MetamodelGraphWalker:137 - Visiting attribute path : nome
2017-01-26 13:41:30 DEBUG MetamodelGraphWalker:137 - Visiting attribute path : cognome
2017-01-26 13:41:30 DEBUG FetchStyleLoadPlanBuildingAssociationVisitationStrategy:150 - Building LoadPlan...
2017-01-26 13:41:30 DEBUG LoadQueryJoinAndFetchProcessor:100 - processing queryspace <gen:0>
2017-01-26 13:41:30 DEBUG LoadPlanTreePrinter:55 - LoadPlan(entity=com.raffo.Persona)
    - Returns
       - EntityReturnImpl(entity=com.raffo.Persona, querySpaceUid=<gen:0>, path=com.raffo.Persona)
    - QuerySpaces
       - EntityQuerySpaceImpl(uid=<gen:0>, entity=com.raffo.Persona)
          - SQL table alias mapping - persona0_
          - alias suffix - 0_
          - suffixed key columns - {id1_0_0_}

2017-01-26 13:41:30 DEBUG EntityLoader:115 - Static select for entity com.raffo.Persona [UPGRADE_SKIPLOCKED]: select persona0_.id as id1_0_0_, persona0_.email as email2_0_0_, persona0_.nome as nome3_0_0_, persona0_.cognome as cognome4_0_0_ from tab_01 persona0_ where persona0_.id=?
2017-01-26 13:41:30 DEBUG QuerySpacesImpl:174 - Adding QuerySpace : uid = <gen:0> -> org.hibernate.loader.plan.build.internal.spaces.EntityQuerySpaceImpl@c7a975a]
2017-01-26 13:41:30 DEBUG MetamodelGraphWalker:137 - Visiting attribute path : email
2017-01-26 13:41:30 DEBUG MetamodelGraphWalker:137 - Visiting attribute path : nome
2017-01-26 13:41:30 DEBUG MetamodelGraphWalker:137 - Visiting attribute path : cognome
2017-01-26 13:41:30 DEBUG FetchStyleLoadPlanBuildingAssociationVisitationStrategy:150 - Building LoadPlan...
2017-01-26 13:41:30 DEBUG LoadQueryJoinAndFetchProcessor:100 - processing queryspace <gen:0>
2017-01-26 13:41:30 DEBUG LoadPlanTreePrinter:55 - LoadPlan(entity=com.raffo.Persona)
    - Returns
       - EntityReturnImpl(entity=com.raffo.Persona, querySpaceUid=<gen:0>, path=com.raffo.Persona)
    - QuerySpaces
       - EntityQuerySpaceImpl(uid=<gen:0>, entity=com.raffo.Persona)
          - SQL table alias mapping - persona0_
          - alias suffix - 0_
          - suffixed key columns - {id1_0_0_}

2017-01-26 13:41:30 DEBUG EntityLoader:115 - Static select for entity com.raffo.Persona [FORCE]: select persona0_.id as id1_0_0_, persona0_.email as email2_0_0_, persona0_.nome as nome3_0_0_, persona0_.cognome as cognome4_0_0_ from tab_01 persona0_ where persona0_.id=?
2017-01-26 13:41:30 DEBUG QuerySpacesImpl:174 - Adding QuerySpace : uid = <gen:0> -> org.hibernate.loader.plan.build.internal.spaces.EntityQuerySpaceImpl@757d6814]
2017-01-26 13:41:30 DEBUG MetamodelGraphWalker:137 - Visiting attribute path : email
2017-01-26 13:41:30 DEBUG MetamodelGraphWalker:137 - Visiting attribute path : nome
2017-01-26 13:41:30 DEBUG MetamodelGraphWalker:137 - Visiting attribute path : cognome
2017-01-26 13:41:30 DEBUG FetchStyleLoadPlanBuildingAssociationVisitationStrategy:150 - Building LoadPlan...
2017-01-26 13:41:30 DEBUG LoadQueryJoinAndFetchProcessor:100 - processing queryspace <gen:0>
2017-01-26 13:41:30 DEBUG LoadPlanTreePrinter:55 - LoadPlan(entity=com.raffo.Persona)
    - Returns
       - EntityReturnImpl(entity=com.raffo.Persona, querySpaceUid=<gen:0>, path=com.raffo.Persona)
    - QuerySpaces
       - EntityQuerySpaceImpl(uid=<gen:0>, entity=com.raffo.Persona)
          - SQL table alias mapping - persona0_
          - alias suffix - 0_
          - suffixed key columns - {id1_0_0_}

2017-01-26 13:41:30 DEBUG EntityLoader:115 - Static select for entity com.raffo.Persona [PESSIMISTIC_READ]: select persona0_.id as id1_0_0_, persona0_.email as email2_0_0_, persona0_.nome as nome3_0_0_, persona0_.cognome as cognome4_0_0_ from tab_01 persona0_ where persona0_.id=?
2017-01-26 13:41:30 DEBUG QuerySpacesImpl:174 - Adding QuerySpace : uid = <gen:0> -> org.hibernate.loader.plan.build.internal.spaces.EntityQuerySpaceImpl@3c0fae6c]
2017-01-26 13:41:30 DEBUG MetamodelGraphWalker:137 - Visiting attribute path : email
2017-01-26 13:41:30 DEBUG MetamodelGraphWalker:137 - Visiting attribute path : nome
2017-01-26 13:41:30 DEBUG MetamodelGraphWalker:137 - Visiting attribute path : cognome
2017-01-26 13:41:30 DEBUG FetchStyleLoadPlanBuildingAssociationVisitationStrategy:150 - Building LoadPlan...
2017-01-26 13:41:30 DEBUG LoadQueryJoinAndFetchProcessor:100 - processing queryspace <gen:0>
2017-01-26 13:41:30 DEBUG LoadPlanTreePrinter:55 - LoadPlan(entity=com.raffo.Persona)
    - Returns
       - EntityReturnImpl(entity=com.raffo.Persona, querySpaceUid=<gen:0>, path=com.raffo.Persona)
    - QuerySpaces
       - EntityQuerySpaceImpl(uid=<gen:0>, entity=com.raffo.Persona)
          - SQL table alias mapping - persona0_
          - alias suffix - 0_
          - suffixed key columns - {id1_0_0_}

2017-01-26 13:41:30 DEBUG EntityLoader:115 - Static select for entity com.raffo.Persona [PESSIMISTIC_WRITE]: select persona0_.id as id1_0_0_, persona0_.email as email2_0_0_, persona0_.nome as nome3_0_0_, persona0_.cognome as cognome4_0_0_ from tab_01 persona0_ where persona0_.id=?
2017-01-26 13:41:30 DEBUG QuerySpacesImpl:174 - Adding QuerySpace : uid = <gen:0> -> org.hibernate.loader.plan.build.internal.spaces.EntityQuerySpaceImpl@52b56a3e]
2017-01-26 13:41:30 DEBUG MetamodelGraphWalker:137 - Visiting attribute path : email
2017-01-26 13:41:30 DEBUG MetamodelGraphWalker:137 - Visiting attribute path : nome
2017-01-26 13:41:30 DEBUG MetamodelGraphWalker:137 - Visiting attribute path : cognome
2017-01-26 13:41:30 DEBUG FetchStyleLoadPlanBuildingAssociationVisitationStrategy:150 - Building LoadPlan...
2017-01-26 13:41:30 DEBUG LoadQueryJoinAndFetchProcessor:100 - processing queryspace <gen:0>
2017-01-26 13:41:30 DEBUG LoadPlanTreePrinter:55 - LoadPlan(entity=com.raffo.Persona)
    - Returns
       - EntityReturnImpl(entity=com.raffo.Persona, querySpaceUid=<gen:0>, path=com.raffo.Persona)
    - QuerySpaces
       - EntityQuerySpaceImpl(uid=<gen:0>, entity=com.raffo.Persona)
          - SQL table alias mapping - persona0_
          - alias suffix - 0_
          - suffixed key columns - {id1_0_0_}

2017-01-26 13:41:30 DEBUG EntityLoader:115 - Static select for entity com.raffo.Persona [PESSIMISTIC_FORCE_INCREMENT]: select persona0_.id as id1_0_0_, persona0_.email as email2_0_0_, persona0_.nome as nome3_0_0_, persona0_.cognome as cognome4_0_0_ from tab_01 persona0_ where persona0_.id=?
2017-01-26 13:41:30 DEBUG QuerySpacesImpl:174 - Adding QuerySpace : uid = <gen:0> -> org.hibernate.loader.plan.build.internal.spaces.EntityQuerySpaceImpl@4eed46ee]
2017-01-26 13:41:30 DEBUG MetamodelGraphWalker:137 - Visiting attribute path : email
2017-01-26 13:41:30 DEBUG MetamodelGraphWalker:137 - Visiting attribute path : nome
2017-01-26 13:41:30 DEBUG MetamodelGraphWalker:137 - Visiting attribute path : cognome
2017-01-26 13:41:30 DEBUG FetchStyleLoadPlanBuildingAssociationVisitationStrategy:150 - Building LoadPlan...
2017-01-26 13:41:30 DEBUG LoadQueryJoinAndFetchProcessor:100 - processing queryspace <gen:0>
2017-01-26 13:41:30 DEBUG LoadPlanTreePrinter:55 - LoadPlan(entity=com.raffo.Persona)
    - Returns
       - EntityReturnImpl(entity=com.raffo.Persona, querySpaceUid=<gen:0>, path=com.raffo.Persona)
    - QuerySpaces
       - EntityQuerySpaceImpl(uid=<gen:0>, entity=com.raffo.Persona)
          - SQL table alias mapping - persona0_
          - alias suffix - 0_
          - suffixed key columns - {id1_0_0_}

2017-01-26 13:41:30 DEBUG EntityLoader:115 - Static select for entity com.raffo.Persona [OPTIMISTIC]: select persona0_.id as id1_0_0_, persona0_.email as email2_0_0_, persona0_.nome as nome3_0_0_, persona0_.cognome as cognome4_0_0_ from tab_01 persona0_ where persona0_.id=?
2017-01-26 13:41:30 DEBUG QuerySpacesImpl:174 - Adding QuerySpace : uid = <gen:0> -> org.hibernate.loader.plan.build.internal.spaces.EntityQuerySpaceImpl@4fad94a7]
2017-01-26 13:41:30 DEBUG MetamodelGraphWalker:137 - Visiting attribute path : email
2017-01-26 13:41:30 DEBUG MetamodelGraphWalker:137 - Visiting attribute path : nome
2017-01-26 13:41:30 DEBUG MetamodelGraphWalker:137 - Visiting attribute path : cognome
2017-01-26 13:41:30 DEBUG FetchStyleLoadPlanBuildingAssociationVisitationStrategy:150 - Building LoadPlan...
2017-01-26 13:41:30 DEBUG LoadQueryJoinAndFetchProcessor:100 - processing queryspace <gen:0>
2017-01-26 13:41:30 DEBUG LoadPlanTreePrinter:55 - LoadPlan(entity=com.raffo.Persona)
    - Returns
       - EntityReturnImpl(entity=com.raffo.Persona, querySpaceUid=<gen:0>, path=com.raffo.Persona)
    - QuerySpaces
       - EntityQuerySpaceImpl(uid=<gen:0>, entity=com.raffo.Persona)
          - SQL table alias mapping - persona0_
          - alias suffix - 0_
          - suffixed key columns - {id1_0_0_}

2017-01-26 13:41:30 DEBUG EntityLoader:115 - Static select for entity com.raffo.Persona [OPTIMISTIC_FORCE_INCREMENT]: select persona0_.id as id1_0_0_, persona0_.email as email2_0_0_, persona0_.nome as nome3_0_0_, persona0_.cognome as cognome4_0_0_ from tab_01 persona0_ where persona0_.id=?
2017-01-26 13:41:30 DEBUG Loader:38 - Static select for action ACTION_MERGE on entity com.raffo.Persona: select persona0_.id as id1_0_0_, persona0_.email as email2_0_0_, persona0_.nome as nome3_0_0_, persona0_.cognome as cognome4_0_0_ from tab_01 persona0_ where persona0_.id=?
2017-01-26 13:41:30 DEBUG Loader:38 - Static select for action ACTION_REFRESH on entity com.raffo.Persona: select persona0_.id as id1_0_0_, persona0_.email as email2_0_0_, persona0_.nome as nome3_0_0_, persona0_.cognome as cognome4_0_0_ from tab_01 persona0_ where persona0_.id=?
2017-01-26 13:41:30 DEBUG SchemaManagementToolCoordinator:56 - No actions specified; doing nothing
2017-01-26 13:41:30 DEBUG NamedQueryRepository:151 - Checking 0 named HQL queries
2017-01-26 13:41:30 DEBUG NamedQueryRepository:167 - Checking 0 named SQL queries
2017-01-26 13:41:30 DEBUG SessionFactoryRegistry:52 - Initializing SessionFactoryRegistry : org.hibernate.internal.SessionFactoryRegistry@15a902e7
2017-01-26 13:41:30 DEBUG SessionFactoryRegistry:74 - Registering SessionFactory: 3b177b0a-dc51-4a95-b95a-8c4948c9fb38 (<unnamed>)
2017-01-26 13:41:30 DEBUG SessionFactoryRegistry:81 - Not binding SessionFactory to JNDI, no JNDI name configured
2017-01-26 13:41:30 DEBUG StatisticsInitiator:82 - Statistics initialized [enabled=false]
2017-01-26 13:41:30 DEBUG TransactionImpl:55 - begin
2017-01-26 13:41:30 DEBUG ActionQueue:276 - Executing identity-insert immediately
2017-01-26 13:41:30 DEBUG SQL:92 - insert into tab_01 (id, email, nome, cognome) values (null, ?, ?, ?)
2017-01-26 13:41:30 DEBUG IdentifierGeneratorHelper:78 - Natively generated identity: 25
2017-01-26 13:41:30 DEBUG ResourceRegistryStandardImpl:104 - HHH000387: ResultSet's statement was not registered
2017-01-26 13:41:30 DEBUG TransactionImpl:66 - committing
2017-01-26 13:41:30 DEBUG AbstractFlushingEventListener:132 - Processing flush-time cascades
2017-01-26 13:41:30 DEBUG AbstractFlushingEventListener:174 - Dirty checking collections
2017-01-26 13:41:30 DEBUG AbstractFlushingEventListener:106 - Flushed: 0 insertions, 0 updates, 0 deletions to 1 objects
2017-01-26 13:41:30 DEBUG AbstractFlushingEventListener:113 - Flushed: 0 (re)creations, 0 updates, 0 removals to 0 collections
2017-01-26 13:41:30 DEBUG EntityPrinter:102 - Listing entities:
2017-01-26 13:41:30 DEBUG EntityPrinter:109 - com.raffo.Persona{cognome=Greco, nome=Valeria, id=25, email=valeria5.gr@gmail.com}
2017-01-26 13:41:30 DEBUG LogicalConnectionManagedImpl:154 - Initiating JDBC connection release from afterTransaction
2017-01-26 13:41:30 DEBUG SynchronizationRegistryStandardImpl:103 - Clearing local Synchronizations
2017-01-26 13:41:30 DEBUG LogicalConnectionManagedImpl:154 - Initiating JDBC connection release from afterTransaction
2017-01-26 13:41:59 DEBUG DriverManagerConnectionProviderImpl:51 - Connection pool now considered primed; min-size will be maintained
